<?xml version="1.0" encoding="UTF-8"?>
<!-- Generated by org.testng.reporters.JUnitXMLReporter -->
<testsuite ignored="0" hostname="Virender-Kumar" failures="0" tests="2" name="Default test" time="106.194" errors="0" timestamp="2019-09-10T20:37:01 IST">
  <testcase classname="com.crm.qa.Testcases.AddAddressPageTest" name="ValidateShopAllCategory" time="16.679"/>
  <testcase classname="com.crm.qa.Testcases.AddAddressPageTest" name="ValidateFillAddressDetails" time="0.0">
    <skipped/>
  </testcase> <!-- ValidateFillAddressDetails -->
</testsuite> <!-- Default test -->
